<?xml version="1.0" encoding="UTF-8"?>
<coverage generated="1761589614237" clover="3.2.0">
  <project timestamp="1761589614238" name="All files">
    <metrics statements="25" coveredstatements="25" conditionals="8" coveredconditionals="5" methods="8" coveredmethods="8" elements="41" coveredelements="38" complexity="0" loc="25" ncloc="25" packages="1" files="1" classes="1"/>
    <file name="storage.js" path="C:\Users\sachi\hotel-management-system\src\utils\storage.js">
      <metrics statements="25" coveredstatements="25" conditionals="8" coveredconditionals="5" methods="8" coveredmethods="8"/>
      <line num="2" count="1" type="stmt"/>
      <line num="59" count="1" type="stmt"/>
      <line num="60" count="1" type="stmt"/>
      <line num="61" count="1" type="cond" truecount="1" falsecount="1"/>
      <line num="64" count="1" type="stmt"/>
      <line num="65" count="2" type="cond" truecount="1" falsecount="1"/>
      <line num="66" count="2" type="stmt"/>
      <line num="70" count="1" type="stmt"/>
      <line num="71" count="5" type="stmt"/>
      <line num="72" count="5" type="stmt"/>
      <line num="73" count="5" type="stmt"/>
      <line num="76" count="1" type="stmt"/>
      <line num="77" count="11" type="stmt"/>
      <line num="78" count="11" type="cond" truecount="2" falsecount="0"/>
      <line num="81" count="1" type="stmt"/>
      <line num="82" count="1" type="stmt"/>
      <line num="83" count="1" type="stmt"/>
      <line num="84" count="1" type="stmt"/>
      <line num="87" count="1" type="stmt"/>
      <line num="88" count="1" type="stmt"/>
      <line num="89" count="1" type="stmt"/>
      <line num="90" count="1" type="cond" truecount="1" falsecount="1"/>
      <line num="91" count="1" type="stmt"/>
      <line num="92" count="1" type="stmt"/>
      <line num="97" count="1" type="stmt"/>
    </file>
  </project>
</coverage>
