{"C:\\Users\\sachi\\hotel-management-system\\src\\utils\\storage.js": {"path":"C:\\Users\\sachi\\hotel-management-system\\src\\utils\\storage.js","statementMap":{"0":{"start":{"line":2,"column":21},"end":{"line":57,"column":1}},"1":{"start":{"line":59,"column":24},"end":{"line":62,"column":1}},"2":{"start":{"line":60,"column":16},"end":{"line":60,"column":45}},"3":{"start":{"line":61,"column":2},"end":{"line":61,"column":49}},"4":{"start":{"line":64,"column":31},"end":{"line":68,"column":1}},"5":{"start":{"line":65,"column":2},"end":{"line":67,"column":3}},"6":{"start":{"line":66,"column":4},"end":{"line":66,"column":63}},"7":{"start":{"line":70,"column":27},"end":{"line":74,"column":1}},"8":{"start":{"line":71,"column":19},"end":{"line":71,"column":32}},"9":{"start":{"line":72,"column":2},"end":{"line":72,"column":24}},"10":{"start":{"line":73,"column":2},"end":{"line":73,"column":60}},"11":{"start":{"line":76,"column":27},"end":{"line":79,"column":1}},"12":{"start":{"line":77,"column":19},"end":{"line":77,"column":51}},"13":{"start":{"line":78,"column":2},"end":{"line":78,"column":45}},"14":{"start":{"line":81,"column":29},"end":{"line":85,"column":1}},"15":{"start":{"line":82,"column":19},"end":{"line":82,"column":32}},"16":{"start":{"line":83,"column":19},"end":{"line":83,"column":66}},"17":{"start":{"line":83,"column":48},"end":{"line":83,"column":65}},"18":{"start":{"line":84,"column":2},"end":{"line":84,"column":60}},"19":{"start":{"line":87,"column":29},"end":{"line":94,"column":1}},"20":{"start":{"line":88,"column":19},"end":{"line":88,"column":32}},"21":{"start":{"line":89,"column":16},"end":{"line":89,"column":66}},"22":{"start":{"line":89,"column":48},"end":{"line":89,"column":65}},"23":{"start":{"line":90,"column":2},"end":{"line":93,"column":3}},"24":{"start":{"line":91,"column":4},"end":{"line":91,"column":60}},"25":{"start":{"line":92,"column":4},"end":{"line":92,"column":62}},"26":{"start":{"line":97,"column":0},"end":{"line":97,"column":17}}},"fnMap":{"0":{"name":"(anonymous_0)","decl":{"start":{"line":59,"column":24},"end":{"line":59,"column":25}},"loc":{"start":{"line":59,"column":30},"end":{"line":62,"column":1}},"line":59},"1":{"name":"(anonymous_1)","decl":{"start":{"line":64,"column":31},"end":{"line":64,"column":32}},"loc":{"start":{"line":64,"column":37},"end":{"line":68,"column":1}},"line":64},"2":{"name":"(anonymous_2)","decl":{"start":{"line":70,"column":27},"end":{"line":70,"column":28}},"loc":{"start":{"line":70,"column":40},"end":{"line":74,"column":1}},"line":70},"3":{"name":"(anonymous_3)","decl":{"start":{"line":76,"column":27},"end":{"line":76,"column":28}},"loc":{"start":{"line":76,"column":33},"end":{"line":79,"column":1}},"line":76},"4":{"name":"(anonymous_4)","decl":{"start":{"line":81,"column":29},"end":{"line":81,"column":30}},"loc":{"start":{"line":81,"column":37},"end":{"line":85,"column":1}},"line":81},"5":{"name":"(anonymous_5)","decl":{"start":{"line":83,"column":35},"end":{"line":83,"column":36}},"loc":{"start":{"line":83,"column":48},"end":{"line":83,"column":65}},"line":83},"6":{"name":"(anonymous_6)","decl":{"start":{"line":87,"column":29},"end":{"line":87,"column":30}},"loc":{"start":{"line":87,"column":50},"end":{"line":94,"column":1}},"line":87},"7":{"name":"(anonymous_7)","decl":{"start":{"line":89,"column":35},"end":{"line":89,"column":36}},"loc":{"start":{"line":89,"column":48},"end":{"line":89,"column":65}},"line":89}},"branchMap":{"0":{"loc":{"start":{"line":61,"column":9},"end":{"line":61,"column":49}},"type":"cond-expr","locations":[{"start":{"line":61,"column":17},"end":{"line":61,"column":34}},{"start":{"line":61,"column":37},"end":{"line":61,"column":49}}],"line":61},"1":{"loc":{"start":{"line":65,"column":2},"end":{"line":67,"column":3}},"type":"if","locations":[{"start":{"line":65,"column":2},"end":{"line":67,"column":3}},{"start":{},"end":{}}],"line":65},"2":{"loc":{"start":{"line":78,"column":9},"end":{"line":78,"column":45}},"type":"cond-expr","locations":[{"start":{"line":78,"column":20},"end":{"line":78,"column":40}},{"start":{"line":78,"column":43},"end":{"line":78,"column":45}}],"line":78},"3":{"loc":{"start":{"line":90,"column":2},"end":{"line":93,"column":3}},"type":"if","locations":[{"start":{"line":90,"column":2},"end":{"line":93,"column":3}},{"start":{},"end":{}}],"line":90}},"s":{"0":1,"1":1,"2":1,"3":1,"4":1,"5":2,"6":2,"7":1,"8":5,"9":5,"10":5,"11":1,"12":11,"13":11,"14":1,"15":1,"16":1,"17":1,"18":1,"19":1,"20":1,"21":1,"22":1,"23":1,"24":1,"25":1,"26":1},"f":{"0":1,"1":2,"2":5,"3":11,"4":1,"5":1,"6":1,"7":1},"b":{"0":[1,0],"1":[2,0],"2":[7,4],"3":[1,0]},"_coverageSchema":"1a1c01bbd47fc00a2c39e90264f33305004495a9","hash":"1c340aa3cdc659f05eac8a5cf3d6dd0c12911c47"}
}
