TN:
SF:src\utils\storage.js
FN:59,(anonymous_0)
FN:64,(anonymous_1)
FN:70,(anonymous_2)
FN:76,(anonymous_3)
FN:81,(anonymous_4)
FN:83,(anonymous_5)
FN:87,(anonymous_6)
FN:89,(anonymous_7)
FNF:8
FNH:8
FNDA:1,(anonymous_0)
FNDA:2,(anonymous_1)
FNDA:5,(anonymous_2)
FNDA:11,(anonymous_3)
FNDA:1,(anonymous_4)
FNDA:1,(anonymous_5)
FNDA:1,(anonymous_6)
FNDA:1,(anonymous_7)
DA:2,1
DA:59,1
DA:60,1
DA:61,1
DA:64,1
DA:65,2
DA:66,2
DA:70,1
DA:71,5
DA:72,5
DA:73,5
DA:76,1
DA:77,11
DA:78,11
DA:81,1
DA:82,1
DA:83,1
DA:84,1
DA:87,1
DA:88,1
DA:89,1
DA:90,1
DA:91,1
DA:92,1
DA:97,1
LF:25
LH:25
BRDA:61,0,0,1
BRDA:61,0,1,0
BRDA:65,1,0,2
BRDA:65,1,1,0
BRDA:78,2,0,7
BRDA:78,2,1,4
BRDA:90,3,0,1
BRDA:90,3,1,0
BRF:8
BRH:5
end_of_record
